
Started Import Process
# System Details: 
Debug Mode 		: Desactivado
Operating System 	: Linux
Software 		: Apache/2.4.65 (Debian)
MySQL version 		: 10.11.15
XML Reader 		: Sí
PHP Version 		: 8.3.29
PHP Max Input Vars 	: 1000
PHP Max Post Size 	: 8M
PHP Extension GD 	: Sí
PHP Max Execution Time 	: 30
Max Upload Size 	: 2 MB
Memory Limit 		: El límite de memoria actual es 40M. Recomendamos ajustar la memoria a por lo menos 64M.
Timezone 		: Europe/Madrid

-----

Importing Started! - 15:27:45 UTC
---

WHY IMPORT PROCESS CAN FAIL? READ THIS - 
https://wpastra.com/docs/?p=1314&utm_source=demo-import-panel&utm_campaign=import-error&utm_medium=wp-dashboard

---

{"post_title":"Response XML","post_mime_type":"application\/xml","post_content":"","post_status":"inherit"}
"\/var\/www\/html\/wp-content\/uploads\/2026\/01\/wxr.xml"
9