
Started Import Process
# System Details: 
Debug Mode 		: Desactivado
Operating System 	: Linux
Software 		: Apache/2.4.65 (Debian)
MySQL version 		: 10.11.15
XML Reader 		: Sí
PHP Version 		: 8.3.29
PHP Max Input Vars 	: 1000
PHP Max Post Size 	: 8M
PHP Extension GD 	: Sí
PHP Max Execution Time 	: 30
Max Upload Size 	: 2 MB
Memory Limit 		: El límite de memoria actual es 40M. Recomendamos ajustar la memoria a por lo menos 64M.
Timezone 		: Europe/Madrid

-----

Importing Started! - 15:27:45 UTC
---

WHY IMPORT PROCESS CAN FAIL? READ THIS - 
https://wpastra.com/docs/?p=1314&utm_source=demo-import-panel&utm_campaign=import-error&utm_medium=wp-dashboard

---

Deleted Temporary WXR file 9
Option `astra_sites_imported_wxr_id` Deleted.
Batch Process Started..
Starter Templates - Importing Images for Blog name 'NexusSpace' (1)
---- Processing Images from Widgets -----
---- Processing batch process for Customizer start ----
---- Processing batch process for Customizer done ----